 2025-08-03 20:08:57 - cwagner - ⚙️ - [CONFIG_MODE_INTERFACE] - Presenting unified configuration system with current settings and available options
---
### CURRENT CONFIGURATION:

**Logging Configuration:**
- Verbose Mode: true
- Notepad Summary: one-line
- Model Tracking: true

**Commit Intelligence:**
- Commit Intelligence: true
- Session Analytics: true
- Frustration Scoring: true
- Productivity Metrics: true

### CONFIG MODE COMMANDS:

1. **View Config**: See current configuration settings
2. **Toggle verbose_mode**: Enable/disable verbose logging
3. **Set notepad_summary**: "command" or "one-line" format
4. **Toggle track_model**: Track AI model in logs
5. **Toggle commit_intelligence**: Enhanced commit analysis
6. **Toggle session_analytics**: Development session metrics
7. **Toggle frustration_scoring**: User frustration detection
8. **Toggle productivity_metrics**: Lines/hour and time tracking
9. **Reset config**: Restore default settings
10. **Exit config mode**: Return to normal operation

### NOTEPAD IDEAS INTEGRATION:
- Percentage tracking for development modes (vibing vs structured work)
- Update command for current development status
- Multiple notepad support
- Cleanup notepad recommendations

What would you like to configure?
---
