 2025-08-03 20:08:57 - cwagner - ⚙️ - [CONFIG_MODE_ACTIVATED] - Presenting unified configuration interface
2025-01-27 20:20:15 - cwagner - ⚙️ - [MODE_SWITCH] - Switched to Config Mode
2025-01-27 20:21:42 - cwagner - ⚙️ - [CONFIG_UPDATE_REQUESTED] - logging.notepad_summary changed to "none"
2025-01-27 20:21:45 - cwagner - ⚙️ - [CONFIG_UPDATED] - logging.notepad_summary successfully changed from "one-line" to "none"
2025-01-27 20:21:47 - cwagner - ⚙️ - [CONFIG_VERIFIED] - Configuration file is valid JSON and changes applied successfully
2025-01-27 20:22:15 - cwagner - ⚙️ - [CONFIG_UPDATE_REQUESTED] - logging.notepad_summary changed to "command"
2025-01-27 20:22:18 - cwagner - ⚙️ - [CONFIG_UPDATED] - logging.notepad_summary successfully changed from "none" to "command"
2025-01-27 20:22:20 - cwagner - ⚙️ - [CONFIG_VERIFIED] - Configuration file is valid JSON and changes applied successfully
2025-01-27 20:23:05 - cwagner - 🤖 - [MODE_SWITCH] - Switched to Autonomous Mode
2025-01-27 20:24:30 - cwagner - ⚙️ - [CONFIG_UPDATE_REQUESTED] - logging.notepad_summary changed to "one-line"
2025-01-27 20:24:33 - cwagner - ⚙️ - [CONFIG_UPDATED] - logging.notepad_summary successfully changed from "command" to "one-line"
2025-01-27 20:24:35 - cwagner - ⚙️ - [CONFIG_VERIFIED] - Configuration file is valid JSON and changes applied successfully
2024-12-19 14:35:00 - cwagner - 🎁 - [MODE_SWITCH] - Switched to Commit Mode
2025-01-27 20:27:30 - cwagner - 🕵️ - [MODE_SWITCH] - Switched to Deep Check Mode
204-12-19 14:30:00 - cwagner - 🏛️ - [MODE_SWITCH] - Switched to Architecture Mode
2024-12-19 14:40:00 - cwagner - 🎁 - [COMMIT_ANALYSIS_COMPLETE] - Enhanced commit message prepared with development intelligence scores: Frustration 2/10, Productivity 8/10, Agent Effectiveness 9/10, Vibe 3/10
2024-12-19 14:45:00 - cwagner - ✅ - [GIT_COMMIT_SUCCESS] - Commit 35d71c5: feat: enhance SpecPilot framework with comprehensive architecture validation - 6 files changed, 433 insertions(+), 90 deletions(-)
2024-12-19 14:50:00 - cwagner - 📝 - [DOCUMENTATION_CREATED] - Created comprehensive README-specpilot.md with complete framework explanation, workflow details, and integration guide

### Development Intelligence Summary:
- Frustration Score: 2/10 (minimal corrections needed)
- Productivity Score: 8/10 (significant framework enhancements)
- Agent Effectiveness: 9/10 (strong comprehension and proactive improvements)
- Vibe Score: 3/10 (structured development focus)
- Framework Enhancements: 3 major protocol improvements with comprehensive validation
- Architecture Validation: CRITICAL/WARN classification system implemented
- Code Quality: Fixed formatting issues and improved consistency
2025-08-03 22:56:42 - cwagner - 🚦 - [MODE_SWITCH] - Switched to Initialization Mode
2025-08-03 22:56:42 - cwagner - 🤖 - [MODE_SWITCH] - Switched to Autonomous Mode - Architecture validation successful
2025-08-03 22:56:42 - cwagner - ⚙️ - [MODE_SWITCH] - Exited Config Mode
2025-08-03 22:56:42 - cwagner - 🎁 - [MODE_SWITCH] - Switched to Commit Mode
2025-08-03 22:56:42 - cwagner - ⚙️ - [CONFIG_UPDATE_REQUESTED] - logging.notepad_summary none
2025-08-03 22:56:42 - cwagner - ⚙️ - [CONFIG_UPDATED] - logging.notepad_summary changed from "one-line" to "none"
2025-08-03 22:56:42 - cwagner - ⚙️ - [CONFIG_VERIFIED] - Configuration file validated and updated successfully
2025-08-03 22:56:42 - cwagner - ⚙️ - [CONFIG_UPDATE_REQUESTED] - logging.notepad_summary command
2025-08-03 22:56:42 - cwagner - ⚙️ - [CONFIG_UPDATED] - logging.notepad_summary changed from "none" to "command"
2025-08-03 22:56:42 - cwagner - ⚙️ - [CONFIG_VERIFIED] - Configuration file validated and updated successfully
2025-08-03 22:56:42 - cwagner - 🎁 - [MODE_SWITCH] - Switched to Commit Mode
2025-08-03 23:02:47 - cwagner - ✅ - [GIT_COMMIT_SUCCESS] - feat: implement comprehensive initialization protocol and configuration management - 10 files changed, 145 insertions, 1044 deletions
